C51 COMPILER V9.60.7.0   INTERRUPT_TIMER_1                                                 09/28/2024 15:58:21 PAGE 1   


C51 COMPILER V9.60.7.0, COMPILATION OF MODULE INTERRUPT_TIMER_1
OBJECT MODULE PLACED IN .\Objects\interrupt_timer_1.obj
COMPILER INVOKED BY: C:\Personal-Work\C51\BIN\C51.EXE interrupt_timer_1.c BROWSE DEBUG OBJECTEXTEND PRINT(.\Listings\int
                    -errupt_timer_1.lst) TABS(2) OBJECT(.\Objects\interrupt_timer_1.obj)

line level    source

   1          #include<reg51.h>
   2          sbit led2 =P0^7;
   3          sbit led1 =P0^4;
   4          unsigned char p,q;
   5          
   6          void delay();
   7          void init_timer_1();
   8          
   9            main()
  10            {
  11   1          P0 = 0xFF;
  12   1          EA = 1;
  13   1          init_timer_1();
  14   1          
  15   1          while(1)
  16   1          {
  17   2            led2 =~led2;
  18   2            delay();
  19   2          }
  20   1        }
  21            
  22          
  23            
  24            void init_timer_1()
  25            {
  26   1          TMOD = 0x10;
  27   1          TH1 = 0x00;
  28   1          TL1 = 0x00;
  29   1          TR1 = 1;
  30   1          ET1 = 0;    
  31   1        }
  32            void isr_to()  interrupt 1 using 0
  33            {
  34   1          init_timer_1();
  35   1          led1 =~led1;
  36   1            delay();
  37   1          
  38   1          delay();
  39   1        }
  40            
  41            void delay()
  42            {
  43   1          
  44   1            for(q=0;q<255;q++)
  45   1            {
  46   2            }
  47   1            
  48   1        }


MODULE INFORMATION:   STATIC OVERLAYABLE
   CODE SIZE        =     74    ----
   CONSTANT SIZE    =   ----    ----
   XDATA SIZE       =   ----    ----
C51 COMPILER V9.60.7.0   INTERRUPT_TIMER_1                                                 09/28/2024 15:58:21 PAGE 2   

   PDATA SIZE       =   ----    ----
   DATA SIZE        =      2    ----
   IDATA SIZE       =   ----    ----
   BIT SIZE         =   ----    ----
END OF MODULE INFORMATION.


C51 COMPILATION COMPLETE.  0 WARNING(S),  0 ERROR(S)
