C51 COMPILER V9.60.7.0   INTERRUPT_TIMER_0                                                 07/29/2024 00:57:02 PAGE 1   


C51 COMPILER V9.60.7.0, COMPILATION OF MODULE INTERRUPT_TIMER_0
OBJECT MODULE PLACED IN .\Objects\interrupt_timer_0.obj
COMPILER INVOKED BY: C:\Personal-Work\C51\BIN\C51.EXE interrupt_timer_0.c OPTIMIZE(8,SPEED) BROWSE DEBUG OBJECTEXTEND PR
                    -INT(.\Listings\interrupt_timer_0.lst) TABS(2) OBJECT(.\Objects\interrupt_timer_0.obj)

line level    source

   1          #include<reg51.h>
   2          sbit led = P0^2;
   3          sbit led1 = P0^4;
   4          sbit led2 = P0^6;
   5          unsigned char p,q;
   6          
   7          void delay();
   8          void init_timer_0();
   9          
  10            main()
  11            {
  12   1          P0 = 0x00;
  13   1          EA = 1;
  14   1          init_timer_0();
  15   1          
  16   1          while(1)
  17   1          {
  18   2            led =~ led;
  19   2            delay();
  20   2          }
  21   1        }
  22            
  23            void init_timer_0()
  24            {
  25   1          TMOD = 0x01;
  26   1          TH0 = 0x00;
  27   1          TL0 = 0x00;
  28   1          TR0 = 1;
  29   1          ET0 = 1;    
  30   1        }
  31            void isr_to()  interrupt 1 using 0
  32            {
  33   1          init_timer_0();
  34   1          led1 =~ led1;
  35   1          led2 =~ led2;
  36   1          delay();
  37   1        }
  38            
  39            
  40            
  41            void delay()
  42            {
  43   1          
  44   1          
  45   1            for(q=0;q<255;q++)
  46   1            {
  47   2            }
  48   1          
  49   1        }


MODULE INFORMATION:   STATIC OVERLAYABLE
   CODE SIZE        =     73    ----
   CONSTANT SIZE    =   ----    ----
C51 COMPILER V9.60.7.0   INTERRUPT_TIMER_0                                                 07/29/2024 00:57:02 PAGE 2   

   XDATA SIZE       =   ----    ----
   PDATA SIZE       =   ----    ----
   DATA SIZE        =      2    ----
   IDATA SIZE       =   ----    ----
   BIT SIZE         =   ----    ----
END OF MODULE INFORMATION.


C51 COMPILATION COMPLETE.  0 WARNING(S),  0 ERROR(S)
