C51 COMPILER V9.60.7.0   TIMER1                                                            07/27/2024 20:00:15 PAGE 1   


C51 COMPILER V9.60.7.0, COMPILATION OF MODULE TIMER1
OBJECT MODULE PLACED IN .\Objects\timer1.obj
COMPILER INVOKED BY: C:\Personal-Work\C51\BIN\C51.EXE timer1.c OPTIMIZE(8,SPEED) BROWSE DEBUG OBJECTEXTEND PRINT(.\Listi
                    -ngs\timer1.lst) TABS(2) OBJECT(.\Objects\timer1.obj)

line level    source

   1          
   2          #include<reg51.h>
   3            sbit led = P0^3;
   4            
   5            void main()
   6            {   
   7   1          TMOD = 0x10;
   8   1          TH1 = 0x00;
   9   1          TL1 = 0x00;
  10   1          TR1 = 1;
  11   1          
  12   1          while(!TF1)
  13   1          {
  14   2            TF1 = 0;
  15   2            led = ~led;
  16   2          }
  17   1        }


MODULE INFORMATION:   STATIC OVERLAYABLE
   CODE SIZE        =     20    ----
   CONSTANT SIZE    =   ----    ----
   XDATA SIZE       =   ----    ----
   PDATA SIZE       =   ----    ----
   DATA SIZE        =   ----    ----
   IDATA SIZE       =   ----    ----
   BIT SIZE         =   ----    ----
END OF MODULE INFORMATION.


C51 COMPILATION COMPLETE.  0 WARNING(S),  0 ERROR(S)
