C51 COMPILER V9.60.7.0   TIMER_0                                                           09/28/2024 14:49:58 PAGE 1   


C51 COMPILER V9.60.7.0, COMPILATION OF MODULE TIMER_0
OBJECT MODULE PLACED IN .\Objects\timer_0.obj
COMPILER INVOKED BY: C:\Personal-Work\C51\BIN\C51.EXE timer_0.c BROWSE DEBUG OBJECTEXTEND PRINT(.\Listings\timer_0.lst) 
                    -TABS(2) OBJECT(.\Objects\timer_0.obj)

line level    source

   1          #include<reg51.h>
   2            sbit led = P0^2;
   3            
   4            
   5            void main()
   6            {   
   7   1          TMOD = 0x01;
   8   1          TH0 = 0x00;  //1 sec delay()
   9   1          TL0 = 0x00;
  10   1          TR0 = 1;
  11   1          
  12   1          while(!TF0)
  13   1          {
  14   2            TF0 = 0;
  15   2          
  16   2            led = ~led;
  17   2            
  18   2          }
  19   1        }


MODULE INFORMATION:   STATIC OVERLAYABLE
   CODE SIZE        =     20    ----
   CONSTANT SIZE    =   ----    ----
   XDATA SIZE       =   ----    ----
   PDATA SIZE       =   ----    ----
   DATA SIZE        =   ----    ----
   IDATA SIZE       =   ----    ----
   BIT SIZE         =   ----    ----
END OF MODULE INFORMATION.


C51 COMPILATION COMPLETE.  0 WARNING(S),  0 ERROR(S)
