C51 COMPILER V9.60.7.0   INTERRUPT_TIMER_1                                                 07/24/2024 15:56:05 PAGE 1   


C51 COMPILER V9.60.7.0, COMPILATION OF MODULE INTERRUPT_TIMER_1
OBJECT MODULE PLACED IN .\Objects\interrupt_timer_1.obj
COMPILER INVOKED BY: C:\Personal-Work\C51\BIN\C51.EXE interrupt_timer_1.c OPTIMIZE(8,SPEED) BROWSE DEBUG OBJECTEXTEND PR
                    -INT(.\Listings\interrupt_timer_1.lst) TABS(2) OBJECT(.\Objects\interrupt_timer_1.obj)

line level    source

   1          #include<reg51.h>
   2          sbit led2 =P0^7;
   3          sbit led1 =P0^5;
   4          unsigned char p,q;
   5          
   6          void delay();
   7          void init_timer_1();
   8          
   9            main()
  10            {
  11   1          P0 = 0xFF;
  12   1          EA = 1;
  13   1          init_timer_1();
  14   1          
  15   1          while(1)
  16   1          {
  17   2            led2 =~led2;
  18   2            delay();
  19   2          }
  20   1        }
  21            
  22            void init_timer_1()
  23            {
  24   1          TMOD = 0x10;
  25   1          TH1 = 0x00;
  26   1          TL1 = 0x00;
  27   1          TR1 = 1;
  28   1          ET1 = 1;    
  29   1        }
  30            void isr_to()  interrupt 1 using 0
  31            {
  32   1          init_timer_1();
  33   1          led1 =~ led1;
  34   1          delay();
  35   1        }
  36            
  37            void delay()
  38            {
  39   1          
  40   1            for(q=0;q<255;q++)
  41   1            {
  42   2            }
  43   1            
  44   1        }


MODULE INFORMATION:   STATIC OVERLAYABLE
   CODE SIZE        =     71    ----
   CONSTANT SIZE    =   ----    ----
   XDATA SIZE       =   ----    ----
   PDATA SIZE       =   ----    ----
   DATA SIZE        =      2    ----
   IDATA SIZE       =   ----    ----
   BIT SIZE         =   ----    ----
C51 COMPILER V9.60.7.0   INTERRUPT_TIMER_1                                                 07/24/2024 15:56:05 PAGE 2   

END OF MODULE INFORMATION.


C51 COMPILATION COMPLETE.  0 WARNING(S),  0 ERROR(S)
