C51 COMPILER V9.60.7.0   LED                                                               10/01/2024 14:18:05 PAGE 1   


C51 COMPILER V9.60.7.0, COMPILATION OF MODULE LED
OBJECT MODULE PLACED IN .\Objects\led.obj
COMPILER INVOKED BY: C:\Personal-Work\C51\BIN\C51.EXE led.c BROWSE DEBUG OBJECTEXTEND PRINT(.\Listings\led.lst) TABS(2) 
                    -OBJECT(.\Objects\led.obj)

line level    source

   1          #include <reg51.h>
   2          
   3          sbit led1 = P0^0;
   4          sbit led2 = P0^1;
   5          sbit led3 = P0^2;
   6          sbit led4 = P0^3; 
   7          sbit led5 = P0^4;
   8          sbit led6 = P0^5;
   9          sbit led7 = P0^6;
  10          sbit led8 = P0^7;
  11          void delay();
  12          void main() {
  13   1          P0= 0x00; // 
  14   1      
  15   1          while(1) {
  16   2              // Turn on LED1-LED8 sequentially
  17   2              led1 = 1; 
  18   2              delay();
  19   2              led2 = 1;
  20   2              delay();
  21   2              led3 = 1; 
  22   2              delay();
  23   2              led4 = 1; 
  24   2              delay();
  25   2              led5 = 1; 
  26   2              delay();
  27   2              led6 = 1; 
  28   2              delay();
  29   2              led7 = 1; 
  30   2              delay();
  31   2              led8 = 1; 
  32   2              delay();
  33   2      
  34   2              // Turn off LED1-LED8 sequentially
  35   2              led1 = 0; 
  36   2              delay();
  37   2              led2 = 0; 
  38   2              delay();
  39   2              led3 = 0;
  40   2              delay();
  41   2              led4 = 0; 
  42   2              delay();
  43   2              led5 = 0; 
  44   2              delay();
  45   2              led6 = 0; 
  46   2              delay();
  47   2              led7 = 0; 
  48   2              delay();
  49   2              led8 = 0;
  50   2              delay();
  51   2          }
  52   1      }
  53          
  54            void delay() 
C51 COMPILER V9.60.7.0   LED                                                               10/01/2024 14:18:05 PAGE 2   

  55              {
  56   1            unsigned int i;
  57   1            for(i=0;i<255;i++)
  58   1            {
  59   2            }
  60   1      }


MODULE INFORMATION:   STATIC OVERLAYABLE
   CODE SIZE        =     99    ----
   CONSTANT SIZE    =   ----    ----
   XDATA SIZE       =   ----    ----
   PDATA SIZE       =   ----    ----
   DATA SIZE        =   ----    ----
   IDATA SIZE       =   ----    ----
   BIT SIZE         =   ----    ----
END OF MODULE INFORMATION.


C51 COMPILATION COMPLETE.  0 WARNING(S),  0 ERROR(S)
