C51 COMPILER V9.60.7.0   KEY_PAD_1                                                         07/27/2024 16:58:16 PAGE 1   


C51 COMPILER V9.60.7.0, COMPILATION OF MODULE KEY_PAD_1
OBJECT MODULE PLACED IN .\Objects\key_pad_1.obj
COMPILER INVOKED BY: C:\Personal-Work\C51\BIN\C51.EXE key_pad_1.c OPTIMIZE(8,SPEED) BROWSE DEBUG OBJECTEXTEND PRINT(.\Li
                    -stings\key_pad_1.lst) TABS(2) OBJECT(.\Objects\key_pad_1.obj)

line level    source

   1          #include<reg51.h>
   2          sbit s11 = P2^0;
   3          sbit s12 = P2^1;
   4          sbit s13 = P2^2;
   5          sbit s14 = P2^3;
   6          sbit kr11 = P2^4;
   7          sbit kr12 = P2^5;
   8          sbit kr13 = P2^6;
   9          sbit kr14 = P2^7;
  10          
  11          sbit sb = P2^5;
  12          
  13          bit key_ready;
  14          bit nkp;
  15          bit tb;
  16          bit s_buzzer;
  17          bit c;
  18          
  19          unsigned char ds1,ds2,ds3,ds4,p,q,r,sn,d_count,k_count,key_code,x,y,z;
  20          unsigned char arr[] = {0xfc,0x60,0xda,0xf2,0x66,0xb6,0xbe,0xe4,0xfe,0xf6,0x00,0xff,0xff,0xff,0xff,0xff,0xf
             -f,0xee,0x3e,0x9c,0x7a,0x9e,0x8e};
  21          unsigned char ascii[] = {'0','1','2','3','4','5','6','7','8','9','A','B','C','D','E','F'};
  22          
  23            void sdelay();        // delay
  24            void init();          //inlization
  25            void init_key();      //key_pad setup
  26            void init_timer_0();   // timer 0
  27            void scanner();        //switch stement
  28            void k();              //key
  29            void rr();             // row set
  30            void key_release();    //key release
  31            void buzzer();          // buzzer
  32          
  33             void main()
  34             {
  35   1           init();
  36   1           EA=1;
  37   1           P0= 0x00;
  38   1           while(1)
  39   1           {
  40   2             while(key_ready == 0);
  41   2             ACC = key_ready;
  42   2             ds1 = ascii[ACC];
  43   2             key_release();
  44   2           }
  45   1         }
  46             
  47             void init()
  48             {
  49   1           init_key(); 
  50   1           init_timer_0();
  51   1         }
  52             
  53             void init_key()
C51 COMPILER V9.60.7.0   KEY_PAD_1                                                         07/27/2024 16:58:16 PAGE 2   

  54             {
  55   1           kr11 = 1;
  56   1           kr12 = 1;
  57   1           kr13 = 1;
  58   1           kr14 = 1;
  59   1           sn = 0;
  60   1           d_count = 33;
  61   1           k_count = 32;
  62   1           key_ready = 0;
  63   1           nkp = 0;
  64   1           s_buzzer= 0;
  65   1         }
  66             
  67             void init_timer_0()
  68             {
  69   1           TMOD = 0X01;
  70   1           TL0 = 0X66;
  71   1           TH0 = 0XFF;
  72   1           TR0 = 1;
  73   1           ET0 = 1;
  74   1         }
  75             void isr_to()  interrupt 1 using 0
  76             {
  77   1           void init_timer_0();
  78   1           void buzzer();
  79   1           void scanner(); 
  80   1         }
  81             
  82             void scanner()
  83             {
  84   1           ACC = sn;
  85   1           
  86   1           switch(ACC)
  87   1           {
  88   2             case 0:
  89   2             s11 = 0;
  90   2             s12 = 1;
  91   2             s13 = 1;
  92   2             s14 = 1;
  93   2             P0 = arr[ds1-'0'];
  94   2             c = kr11;
  95   2             k();
  96   2             sn =1;
  97   2             break;
  98   2             
  99   2             case 1:
 100   2             c = kr12;
 101   2             k();
 102   2             sn = 2;
 103   2             break; 
 104   2             
 105   2             case 2:
 106   2             c = kr13;
 107   2             k();
 108   2             sn = 3;
 109   2             break; 
 110   2             
 111   2             case 3:
 112   2             P0 = 0x00;
 113   2             c = kr14;
 114   2             k();
 115   2             sn = 4;
C51 COMPILER V9.60.7.0   KEY_PAD_1                                                         07/27/2024 16:58:16 PAGE 3   

 116   2             break; 
 117   2             
 118   2             case 4:
 119   2             s11 = 1;
 120   2             s12 = 0;
 121   2             s13 = 1;
 122   2             s14 = 1;
 123   2             P0 = arr[ds2-'0'];
 124   2             c = kr11;
 125   2             k();
 126   2             sn =5;
 127   2             break; 
 128   2             
 129   2             case 5:
 130   2             c = kr12;
 131   2             k();
 132   2             sn = 6;
 133   2             break; 
 134   2             
 135   2             case 6:
 136   2             c = kr13;
 137   2             k();
 138   2             sn = 7;
 139   2             break; 
 140   2             
 141   2             case 7:
 142   2             P0 = 0x00;
 143   2             c = kr14;
 144   2             k();
 145   2             sn = 8;
 146   2             break;
 147   2             
 148   2             case 8:
 149   2             s11 = 1;
 150   2             s12 = 1;
 151   2             s13 = 0;
 152   2             s14 = 1;
 153   2             P0 = arr[ds3-'0'];
 154   2             c = kr11;
 155   2             k();
 156   2             sn =9;
 157   2             break; 
 158   2             
 159   2             case 9:
 160   2             c = kr12;
 161   2             k();
 162   2             sn = 10;
 163   2             break; 
 164   2             
 165   2             case 10:
 166   2             c = kr13;
 167   2             k();
 168   2             sn = 11;
 169   2             break; 
 170   2             
 171   2             case 11:
 172   2             P0 = 0x00;
 173   2             c = kr14;
 174   2             k();
 175   2             sn = 12;
 176   2             break;
 177   2             
C51 COMPILER V9.60.7.0   KEY_PAD_1                                                         07/27/2024 16:58:16 PAGE 4   

 178   2             case 12:
 179   2             s11 = 1;
 180   2             s12 = 1;
 181   2             s13 = 1;
 182   2             s14 = 0;
 183   2             P0 = arr[ds4-'0'];
 184   2             c = kr11;
 185   2             k();
 186   2             sn = 13;
 187   2             break; 
 188   2             
 189   2             case 13:
 190   2             c = kr12;
 191   2             k();
 192   2             sn = 14;
 193   2             break; 
 194   2             
 195   2             case 14:
 196   2             c = kr13;
 197   2             k();
 198   2             sn = 15;
 199   2             break; 
 200   2             
 201   2             case 15:
 202   2             P0 = 0x00;
 203   2             c = kr14;
 204   2             k();
 205   2             sn = 16;
 206   2             break;
 207   2           }
 208   1         }
 209             
 210             void buzzer()
 211             {
 212   1           if(s_buzzer == 1)
 213   1           {
 214   2             sb =~ sb;
 215   2           }
 216   1           else
 217   1           {
 218   2             goto out_b;
 219   2           }
 220   1           out_b : z = 0;
 221   1         }
 222             
 223              void k()
 224              {
 225   1            if(key_ready == 1)
 226   1            {
 227   2              rr();
 228   2            }
 229   1            else
 230   1            {
 231   2              if(c == 0)
 232   2                {
 233   3                  d_count--;
 234   3                  key_code = sn;
 235   3                  goto out_k;
 236   3                } 
 237   2              else
 238   2                  {
 239   3                    d_count--;
C51 COMPILER V9.60.7.0   KEY_PAD_1                                                         07/27/2024 16:58:16 PAGE 5   

 240   3              
 241   3                    if(d_count == 0)
 242   3                      {
 243   4                        if(c == 0)
 244   4                          {
 245   5                            key_ready= 1;
 246   5                            s_buzzer = 1;
 247   5                            d_count = 33;
 248   5                            goto out_k;
 249   5                          }
 250   4                        else
 251   4                          {
 252   5                            d_count = 33;
 253   5                            goto out_k;
 254   5                          }
 255   4                      }
 256   3                    else
 257   3                      {
 258   4                        goto out_k;
 259   4                      }
 260   3                  } 
 261   2                }
 262   1            out_k: x = 0;
 263   1          }
 264                
 265              
 266              void rr()
 267              {
 268   1            if(c == 0)
 269   1            {
 270   2              k_count = 32;
 271   2              goto out_r;
 272   2            }
 273   1            else
 274   1            {
 275   2              k_count--;
 276   2            }
 277   1            if(k_count == 0)
 278   1            {
 279   2              nkp =1;
 280   2              s_buzzer = 0;
 281   2              k_count = 32;
 282   2              goto out_r;
 283   2            }
 284   1            else
 285   1            {
 286   2              out_r:
 287   2              y = 0;
 288   2            }
 289   1          }
 290              
 291              void key_release()
 292              {
 293   1            if(nkp == 1)
 294   1            {
 295   2      
 296   2              key_ready = 0;
 297   2              nkp = 0;
 298   2            }
 299   1          }


C51 COMPILER V9.60.7.0   KEY_PAD_1                                                         07/27/2024 16:58:16 PAGE 6   

MODULE INFORMATION:   STATIC OVERLAYABLE
   CODE SIZE        =    437    ----
   CONSTANT SIZE    =   ----    ----
   XDATA SIZE       =   ----    ----
   PDATA SIZE       =   ----    ----
   DATA SIZE        =     53    ----
   IDATA SIZE       =   ----    ----
   BIT SIZE         =      5    ----
END OF MODULE INFORMATION.


C51 COMPILATION COMPLETE.  0 WARNING(S),  0 ERROR(S)
