C51 COMPILER V9.60.7.0   SEVENSEGMENT2                                                     07/31/2024 15:55:39 PAGE 1   


C51 COMPILER V9.60.7.0, COMPILATION OF MODULE SEVENSEGMENT2
OBJECT MODULE PLACED IN .\Objects\sevensegment2.obj
COMPILER INVOKED BY: C:\Personal-Work\C51\BIN\C51.EXE sevensegment2.c OPTIMIZE(8,SPEED) BROWSE DEBUG OBJECTEXTEND PRINT(
                    -.\Listings\sevensegment2.lst) TABS(2) OBJECT(.\Objects\sevensegment2.obj)

line level    source

   1          #include<reg51f.h>
   2          unsigned char ds1,ds2,ds3,ds4,p,q;
   3          sbit s11 = P2^0;
   4          sbit s12 = P2^1;
   5          sbit s13 = P2^2;
   6          sbit s14 = P2^3;
   7            void delay();
   8            
   9            main()
  10            {
  11   1          P0 = 0x00;  //0ut put
  12   1          while(1)
  13   1          {
  14   2            s11 = 0;
  15   2            s12 = 1;
  16   2            s13 = 1;
  17   2            s14 = 1;
  18   2            ds1 = 0x60; //1
  19   2            P0 = ds1;
  20   2            delay();
  21   2            
  22   2            s11 = 1;
  23   2            s12 = 0;
  24   2            s13 = 1;
  25   2            s14 = 1;
  26   2            ds1 = 0xf2; //3
  27   2            P0 = ds2;
  28   2            delay();
  29   2            
  30   2            s11 = 1;
  31   2            s12 = 1;
  32   2            s13 = 0;
  33   2            s14 = 1;
  34   2            ds1 = 0xda; //2
  35   2            P0 = ds3;
  36   2            delay();
  37   2            
  38   2            s11 = 1;
  39   2            s12 = 1;
  40   2            s13 = 1;
  41   2            s14 = 0;
  42   2            ds1 = 0x66; //4
  43   2            P0 = ds4;
  44   2            delay();
  45   2          }
  46   1        }
  47            
  48            void delay()
  49            {
  50   1          for(p=0;p<5;p++)
  51   1          {
  52   2            for(q=0;q<255;q++)
  53   2            {
  54   3            }
C51 COMPILER V9.60.7.0   SEVENSEGMENT2                                                     07/31/2024 15:55:39 PAGE 2   

  55   2          }
  56   1        }


MODULE INFORMATION:   STATIC OVERLAYABLE
   CODE SIZE        =     94    ----
   CONSTANT SIZE    =   ----    ----
   XDATA SIZE       =   ----    ----
   PDATA SIZE       =   ----    ----
   DATA SIZE        =      6    ----
   IDATA SIZE       =   ----    ----
   BIT SIZE         =   ----    ----
END OF MODULE INFORMATION.


C51 COMPILATION COMPLETE.  0 WARNING(S),  0 ERROR(S)
